Running: /opt/Xilinx/14.7/ISE_DS/ISE/bin/lin64/unwrapped/fuse -intstyle ise -incremental -lib unisims_ver -lib unimacro_ver -lib xilinxcorelib_ver -o /home/this/rca/bit_tb_isim_beh.exe -prj /home/this/rca/bit_tb_beh.prj work.bit_tb work.glbl 
ISim P.20131013 (signature 0xfbc00daa)
Number of CPUs detected in this system: 4
Turning on mult-threading, number of parallel sub-compilation jobs: 8 
Determining compilation order of HDL files
Analyzing Verilog file "/home/this/rca/bit_serial.v" into library work
Analyzing Verilog file "/home/this/rca/bit_tb.v" into library work
Analyzing Verilog file "/opt/Xilinx/14.7/ISE_DS/ISE//verilog/src/glbl.v" into library work
Starting static elaboration
Completed static elaboration
Fuse Memory Usage: 95496 KB
Fuse CPU Usage: 1360 ms
Compiling module bit_serial
Compiling module bit_tb
Compiling module glbl
Time Resolution for simulation is 1ps.
Compiled 3 Verilog Units
Built simulation executable /home/this/rca/bit_tb_isim_beh.exe
Fuse Memory Usage: 655716 KB
Fuse CPU Usage: 1380 ms
GCC CPU Usage: 390 ms
