Running: /opt/Xilinx/14.7/ISE_DS/ISE/bin/lin64/unwrapped/fuse -relaunch -intstyle "ise" -incremental -lib "unisims_ver" -lib "unimacro_ver" -lib "xilinxcorelib_ver" -o "/home/this/mux/mux4_tb_isim_beh.exe" -prj "/home/this/mux/mux4_tb_beh.prj" "work.mux4_tb" "work.glbl" 
ISim P.20131013 (signature 0xfbc00daa)
Number of CPUs detected in this system: 4
Turning on mult-threading, number of parallel sub-compilation jobs: 8 
Determining compilation order of HDL files
Analyzing Verilog file "/home/this/mux/mux.v" into library work
Analyzing Verilog file "/home/this/mux/mux4_tb.v" into library work
Analyzing Verilog file "/opt/Xilinx/14.7/ISE_DS/ISE//verilog/src/glbl.v" into library work
Starting static elaboration
Completed static elaboration
Fuse Memory Usage: 95472 KB
Fuse CPU Usage: 1210 ms
Compiling module mux
Compiling module mux4
Compiling module mux4_tb
Compiling module glbl
Time Resolution for simulation is 1ps.
Waiting for 1 sub-compilation(s) to finish...
Compiled 4 Verilog Units
Built simulation executable /home/this/mux/mux4_tb_isim_beh.exe
Fuse Memory Usage: 655648 KB
Fuse CPU Usage: 1220 ms
GCC CPU Usage: 120 ms
